AppLogic::handleHello(): Message received. Sender: 0x12, Length: 18, Flag: 0x06
AppLogic::handleHello(): Message is of type HELLO.
AppLogic::handleHello(): start the proses to registerNewNode.
AppLogic::handleHello(): First node detected. Registering 0x12 as node 0.
AppLogic::handleHello(): First node registered. Exiting.
AppLogic::handleHello(): Exiting.
enviando announce KEY:
enviando announce KEY: 105
[DEBUG] RadioManager::sendMessage INICIO
Resultado envío: 1
enviando announce KEY:
enviando announce KEY: 105
[DEBUG] RadioManager::sendMessage INICIO
Resultado envío: 1
AppLogic::handleHello(): Message received. Sender: 0x12, Length: 18, Flag: 0x06
AppLogic::handleHello(): Message is of type HELLO.
AppLogic::handleHello(): start the proses to registerNewNode.
AppLogic::handleHello(): Searching if node 0x12 is already registered among 1 existing nodes.
  ¡Clave encontrada!
nodo ya registrado con mismo key pero diferente se prosede a envio changeID, MAC: fAppLogic::handleHello(): envio send change ID.
AppLogic::handleHello(): Exiting.
enviando announce KEY:
enviando announce KEY: 105
[DEBUG] RadioManager::sendMessage INICIO
Resultado envío: 1
enviando announce KEY:
enviando announce KEY: 105
[DEBUG] RadioManager::sendMessage INICIO
Resultado envío: 1
AppLogic::handleHello(): Message received. Sender: 0x12, Length: 18, Flag: 0x06
AppLogic::handleHello(): Message is of type HELLO.
AppLogic::handleHello(): start the proses to registerNewNode.
AppLogic::handleHello(): Searching if node 0x12 is already registered among 1 existing nodes.
  ¡Clave encontrada!
nodo ya registrado con mismo key pero diferente se prosede a envio changeID, MAC: fAppLogic::handleHello(): envio send change ID.
AppLogic::handleHello(): Exiting.
enviando announce KEY:
enviando announce KEY: 105
[DEBUG] RadioManager::sendMessage INICIO
Resultado envío: 1
salto timer requestAtmosphericData
DEBUG: [requestGroundGpsData] -- INICIO --
DEBUG: Tamano esperado de datos: 30 bytes.
DEBUG: Procesando nodo ID: 0x12

DEBUG: Enviando REQUEST_DATA_GPC_GROUND a 0x12.
[DEBUG] RadioManager::sendMessage INICIO
DEBUG: Intento de recepcion #1 para nodo 0x12.
DEBUG: Iniciando espera de respuesta... 
DEBUG: Timeout despues de 2000 ms. No se recibio respuesta de 12.
DEBUG: No exitoso. Reenviando solicitud a 12.
[DEBUG] RadioManager::sendMessage INICIO
DEBUG: Intento de recepcion #2 para nodo 0x12.
DEBUG: Iniciando espera de respuesta... 
DEBUG: Timeout despues de 2000 ms. No se recibio respuesta de 12.
DEBUG: No exitoso. Reenviando solicitud a 12.
[DEBUG] RadioManager::sendMessage INICIO
DEBUG: Intento de recepcion #3 para nodo 0x12.
DEBUG: Iniciando espera de respuesta... 
DEBUG: Timeout despues de 2000 ms. No se recibio respuesta de 12.
DEBUG: No exitoso. Reenviando solicitud a 12.
[DEBUG] RadioManager::sendMessage INICIO
DEBUG: Fallo definitivo para nodo 12.
DEBUG: Tiempo total para nodo 12: 47488 ms.
DEBUG: --- Fin de procesamiento para nodo ---
DEBUG: [requestGroundGpsData] -- FIN --
enviando announce KEY:
enviando announce KEY: 105
[DEBUG] RadioManager::sendMessage INICIO
Resultado envío: 1
salto timer requestAtmosphericData
DEBUG: [requestGroundGpsData] -- INICIO --
DEBUG: Tamano esperado de datos: 30 bytes.
DEBUG: Procesando nodo ID: 0x12

DEBUG: Enviando REQUEST_DATA_GPC_GROUND a 0x12.
[DEBUG] RadioManager::sendMessage INICIO
DEBUG: Intento de recepcion #1 para nodo 0x12.
DEBUG: Iniciando espera de respuesta... 
DEBUG: Respuesta recibida en 176 ms.
DEBUG: Mensaje recibido de 0x12, Tipo: 0x06, Longitud: 18
DEBUG: Mensaje inesperado. Tipo recibido: 0x06, Remitente recibido: 0x12.
DEBUG: No exitoso. Reenviando solicitud a 12.
[DEBUG] RadioManager::sendMessage INICIO
DEBUG: Intento de recepcion #2 para nodo 0x12.
DEBUG: Iniciando espera de respuesta... 
DEBUG: Timeout despues de 2000 ms. No se recibio respuesta de 12.
DEBUG: No exitoso. Reenviando solicitud a 12.
[DEBUG] RadioManager::sendMessage INICIO
DEBUG: Intento de recepcion #3 para nodo 0x12.
DEBUG: Iniciando espera de respuesta... 
DEBUG: Timeout despues de 2000 ms. No se recibio respuesta de 12.
DEBUG: No exitoso. Reenviando solicitud a 12.
[DEBUG] RadioManager::sendMessage INICIO
DEBUG: Fallo definitivo para nodo 12.
DEBUG: Tiempo total para nodo 12: 45869 ms.
DEBUG: --- Fin de procesamiento para nodo ---
DEBUG: [requestGroundGpsData] -- FIN --
enviando announce KEY:
enviando announce KEY: 105
[DEBUG] RadioManager::sendMessage INICIO
Resultado envío: 1
salto timer requestAtmosphericData
DEBUG: [requestGroundGpsData] -- INICIO --
DEBUG: Tamano esperado de datos: 30 bytes.
DEBUG: Procesando nodo ID: 0x12

DEBUG: Enviando REQUEST_DATA_GPC_GROUND a 0x12.
[DEBUG] RadioManager::sendMessage INICIO
DEBUG: Intento de recepcion #1 para nodo 0x12.
DEBUG: Iniciando espera de respuesta... 
DEBUG: Respuesta recibida en 191 ms.
DEBUG: Mensaje recibido de 0x12, Tipo: 0x05, Longitud: 30
DEBUG: Mensaje es DATA_GPS_CROUND del nodo correcto.
DEBUG: Paquete de nodo 0x12 almacenado en posicion 0.
Conectando a WiFi: Galaxy A32 F8E2
...........
Conectado a WiFi! IP: 10.209.39.93
Conectando a MQTT: 10.157.89.208:1883
Error al conectar MQTT
No se pudo conectar MQTT para publicar datos de suelo
--- DEBUG: Imprimiendo muestras de suelo y GPS almacenadas (DEBUG INTERNO) ---
DEBUG: Nodo ID (interno): 0x12 ----
DEBUG:   Paquete 1 (Suelo + GPS): 
DEBUG:     [SUELO] Temp=-999.9C, Hum=999.9%, N=65535, P=65535, K=65535, EC=65535, PH=25.5
DEBUG:     [GPS] Lat=-84.9935232, Lon=131.9970688, Alt=-9999m, Hora=186:135, Flags=04 (Hora Valida)
DEBUG:   --------------------
DEBUG:   Paquete 2 (Suelo + GPS): 
DEBUG:     [SUELO] Temp=0.0C, Hum=0.0%, N=0, P=0, K=0, EC=0, PH=0.0
DEBUG:     [GPS] Lat=0.0000000, Lon=0.0000000, Alt=0m, Hora=00:00, Flags=00
DEBUG:   --------------------
DEBUG:   Paquete 3 (Suelo + GPS): 
DEBUG:     [SUELO] Temp=0.0C, Hum=0.0%, N=0, P=0, K=0, EC=0, PH=0.0
DEBUG:     [GPS] Lat=0.0000000, Lon=0.0000000, Alt=0m, Hora=00:00, Flags=00
DEBUG:   --------------------
DEBUG:   Paquete 4 (Suelo + GPS): 
DEBUG:     [SUELO] Temp=0.0C, Hum=0.0%, N=0, P=0, K=0, EC=0, PH=0.0
DEBUG:     [GPS] Lat=0.0000000, Lon=0.0000000, Alt=0m, Hora=00:00, Flags=00
DEBUG:   --------------------
DEBUG:   Paquete 5 (Suelo + GPS): 
DEBUG:     [SUELO] Temp=0.0C, Hum=0.0%, N=0, P=0, K=0, EC=0, PH=0.0
DEBUG:     [GPS] Lat=0.0000000, Lon=0.0000000, Alt=0m, Hora=00:00, Flags=00
DEBUG:   --------------------
DEBUG:   Paquete 6 (Suelo + GPS): 
DEBUG:     [SUELO] Temp=0.0C, Hum=0.0%, N=0, P=0, K=0, EC=0, PH=0.0
DEBUG:     [GPS] Lat=0.0000000, Lon=0.0000000, Alt=0m, Hora=00:00, Flags=00
DEBUG:   --------------------
DEBUG:   Paquete 7 (Suelo + GPS): 
DEBUG:     [SUELO] Temp=0.0C, Hum=0.0%, N=0, P=0, K=0, EC=0, PH=0.0
DEBUG:     [GPS] Lat=0.0000000, Lon=0.0000000, Alt=0m, Hora=00:00, Flags=00
DEBUG:   --------------------
DEBUG:   Paquete 8 (Suelo + GPS): 
DEBUG:     [SUELO] Temp=0.0C, Hum=0.0%, N=0, P=0, K=0, EC=0, PH=0.0
DEBUG:     [GPS] Lat=0.0000000, Lon=0.0000000, Alt=0m, Hora=00:00, Flags=00
DEBUG:   --------------------
DEBUG: ---- Fin de muestras para Nodo ID (interno): 12 ----
--- DEBUG: Fin de impresion de muestras de suelo y GPS (DEBUG INTERNO) ---
DEBUG: Tiempo total para nodo 12: 21789 ms.
DEBUG: --- Fin de procesamiento para nodo ---
DEBUG: [requestGroundGpsData] -- FIN --
enviando announce KEY:
enviando announce KEY: 105
[DEBUG] RadioManager::sendMessage INICIO
